A.test()
B.test()
C.test()
D.test()
E.test()
F.test()
G.test()
H.test()
I.test()
J.test()
K.test()
L.test()
M.test()
N.test()
O.test()
P.test()
Q.test()
R.test()
S.test()
T.test()
U.test()
V.test()
W.test()
X.test()
Y.test()
Z.test()
AA.test()
AB.test()
AC.test()
AD.test()
AE.test()
AF.test()
AG.test()
AH.test()
AI.test()
AJ.test()
AK.test()
AL.test()
AM.test()
AN.test()
AO.test()
AP.test()
AQ.test()
AR.test()
AS.test()
AT.test()
AU.test()
AV.test()
AW.test()
AX.test()
AY.test()
AZ.test()
BA.test()
BB.test()
BC.test()
BD.test()
BE.test()
BF.test()
BG.test()
BH.test()
BI.test()
BJ.test()
BK.test()
BL.test()
BM.test()
BN.test()
BO.test()
BP.test()
BQ.test()
BR.test()
BS.test()
BT.test()
BU.test()
BV.test()
BW.test()
BX.test()
BY.test()
BZ.test()
CA.test()
CB.test()
CC.test()
CD.test()
CE.test()
CF.test()
CG.test()
CH.test()
CI.test()
CJ.test()
CK.test()
CL.test()
CM.test()
CN.test()
CO.test()
CP.test()
CQ.test()
CR.test()
CS.test()
CT.test()
CU.test()
CV.test()
CW.test()
